actionid: tox
msg: packaging
cmdargs: ['/usr/local/opt/python3/bin/python3.6', local('/Users/joeblack/kazoo/python/pyrkube/setup.py'), 'sdist', '--formats=zip', '--dist-dir', local('/Users/joeblack/kazoo/python/pyrkube/.tox/dist')]
env: None

running sdist
running egg_info
writing pyrkube.egg-info/PKG-INFO
writing dependency_links to pyrkube.egg-info/dependency_links.txt
writing requirements to pyrkube.egg-info/requires.txt
writing top-level names to pyrkube.egg-info/top_level.txt
reading manifest file 'pyrkube.egg-info/SOURCES.txt'
reading manifest template 'MANIFEST.in'
writing manifest file 'pyrkube.egg-info/SOURCES.txt'
running check
creating pyrkube-0.2.0
creating pyrkube-0.2.0/pyrkube
creating pyrkube-0.2.0/pyrkube.egg-info
creating pyrkube-0.2.0/test
copying files to pyrkube-0.2.0...
copying LICENSE -> pyrkube-0.2.0
copying MANIFEST.in -> pyrkube-0.2.0
copying README.rst -> pyrkube-0.2.0
copying requirements.txt -> pyrkube-0.2.0
copying setup.py -> pyrkube-0.2.0
copying pyrkube/__init__.py -> pyrkube-0.2.0/pyrkube
copying pyrkube/adict.py -> pyrkube-0.2.0/pyrkube
copying pyrkube/client.py -> pyrkube-0.2.0/pyrkube
copying pyrkube/config.py -> pyrkube-0.2.0/pyrkube
copying pyrkube/hosts.py -> pyrkube-0.2.0/pyrkube
copying pyrkube/objects.py -> pyrkube-0.2.0/pyrkube
copying pyrkube/util.py -> pyrkube-0.2.0/pyrkube
copying pyrkube.egg-info/PKG-INFO -> pyrkube-0.2.0/pyrkube.egg-info
copying pyrkube.egg-info/SOURCES.txt -> pyrkube-0.2.0/pyrkube.egg-info
copying pyrkube.egg-info/dependency_links.txt -> pyrkube-0.2.0/pyrkube.egg-info
copying pyrkube.egg-info/not-zip-safe -> pyrkube-0.2.0/pyrkube.egg-info
copying pyrkube.egg-info/requires.txt -> pyrkube-0.2.0/pyrkube.egg-info
copying pyrkube.egg-info/top_level.txt -> pyrkube-0.2.0/pyrkube.egg-info
copying test/__init__.py -> pyrkube-0.2.0/test
copying test/test_client.py -> pyrkube-0.2.0/test
copying test/test_hosts.py -> pyrkube-0.2.0/test
copying test/test_objects.py -> pyrkube-0.2.0/test
Writing pyrkube-0.2.0/setup.cfg
creating '.tox/dist/pyrkube-0.2.0.zip' and adding 'pyrkube-0.2.0' to it
adding 'pyrkube-0.2.0/LICENSE'
adding 'pyrkube-0.2.0/MANIFEST.in'
adding 'pyrkube-0.2.0/PKG-INFO'
adding 'pyrkube-0.2.0/README.rst'
adding 'pyrkube-0.2.0/requirements.txt'
adding 'pyrkube-0.2.0/setup.cfg'
adding 'pyrkube-0.2.0/setup.py'
adding 'pyrkube-0.2.0/pyrkube/__init__.py'
adding 'pyrkube-0.2.0/pyrkube/adict.py'
adding 'pyrkube-0.2.0/pyrkube/client.py'
adding 'pyrkube-0.2.0/pyrkube/config.py'
adding 'pyrkube-0.2.0/pyrkube/hosts.py'
adding 'pyrkube-0.2.0/pyrkube/objects.py'
adding 'pyrkube-0.2.0/pyrkube/util.py'
adding 'pyrkube-0.2.0/pyrkube.egg-info/dependency_links.txt'
adding 'pyrkube-0.2.0/pyrkube.egg-info/not-zip-safe'
adding 'pyrkube-0.2.0/pyrkube.egg-info/PKG-INFO'
adding 'pyrkube-0.2.0/pyrkube.egg-info/requires.txt'
adding 'pyrkube-0.2.0/pyrkube.egg-info/SOURCES.txt'
adding 'pyrkube-0.2.0/pyrkube.egg-info/top_level.txt'
adding 'pyrkube-0.2.0/test/__init__.py'
adding 'pyrkube-0.2.0/test/test_client.py'
adding 'pyrkube-0.2.0/test/test_hosts.py'
adding 'pyrkube-0.2.0/test/test_objects.py'
removing 'pyrkube-0.2.0' (and everything under it)
